2024-11-02 20:45:45,594 - db_helper - INFO - fetch_sell_for_date called with 2020-01-20
2024-11-02 20:52:11,331 - db_helper - INFO - delete_sales_for_date called with 2019-06-15
2024-11-02 20:52:38,945 - db_helper - INFO - delete_sales_for_date called with 2019-06-15
2024-11-02 21:07:32,237 - db_helper - INFO - insert_sale called with date: 2019-06-15, SALES: 120, STATUS: Shipped, PRODUCTLINE: Motorcycles
2024-11-02 21:20:41,146 - db_helper - INFO - fetch_sales_summary called with start: 2020-01-05 end: 2020-02-10
2024-11-02 22:07:09,549 - db_helper - INFO - fetch_sales_for_date called with 2020-01-05
2024-11-02 22:07:44,005 - db_helper - INFO - fetch_sales_for_date called with 2020-01-05
2024-11-02 22:25:52,078 - db_helper - INFO - delete_sales_for_date called with 2020-01-05
2024-11-02 22:25:52,183 - db_helper - INFO - insert_sale called with date: 2020-01-05, SALES: 4444.2, STATUS: Shipped, PRODUCTLINE: Classic Cars
2024-11-02 22:29:22,107 - db_helper - INFO - delete_sales_for_date called with 2020-01-05
2024-11-02 22:29:22,196 - db_helper - INFO - insert_sale called with date: 2020-01-05, SALES: 4444.2, STATUS: Shipped, PRODUCTLINE: Classic Cars
2024-11-02 22:29:22,267 - db_helper - INFO - insert_sale called with date: 2020-01-05, SALES: 3445.2, STATUS: Shipped, PRODUCTLINE: Motorcycles
2024-11-02 23:26:35,673 - db_helper - INFO - fetch_sales_for_date called with 2020-01-05
2024-11-03 00:07:49,104 - db_helper - INFO - fetch_sales_for_date called with 2020-01-05
2024-11-03 00:20:18,488 - db_helper - INFO - fetch_sales_for_date called with 2018-08-01
2024-11-03 00:20:37,742 - db_helper - INFO - fetch_sales_for_date called with 2018-08-05
2024-11-03 00:20:49,871 - db_helper - INFO - fetch_sales_for_date called with 2020-01-05
2024-11-03 00:20:53,450 - db_helper - INFO - fetch_sales_for_date called with 2020-01-05
2024-11-03 00:20:53,579 - db_helper - INFO - delete_sales_for_date called with 2020-01-05
2024-11-03 00:20:53,702 - db_helper - INFO - insert_sale called with date: 2020-01-05, SALES: 4444.0, STATUS: Disputed, PRODUCTLINE: Classic Cars
2024-11-03 00:22:48,358 - db_helper - INFO - fetch_sales_for_date called with 2020-01-05
2024-11-03 00:22:48,493 - db_helper - INFO - delete_sales_for_date called with 2020-01-05
2024-11-03 00:22:48,589 - db_helper - INFO - insert_sale called with date: 2020-01-05, SALES: 4321.0, STATUS: In Process, PRODUCTLINE: Motorcycles
2024-11-03 00:22:48,661 - db_helper - INFO - insert_sale called with date: 2020-01-05, SALES: 1112.0, STATUS: On Hold, PRODUCTLINE: Classic Cars
2024-11-03 00:22:48,730 - db_helper - INFO - insert_sale called with date: 2020-01-05, SALES: 575.0, STATUS: Disputed, PRODUCTLINE: Planes
2024-11-03 00:23:52,710 - db_helper - INFO - fetch_sales_for_date called with 2020-01-05
2024-11-03 00:24:04,319 - db_helper - INFO - fetch_sales_for_date called with 2020-01-05
2024-11-03 00:24:04,446 - db_helper - INFO - delete_sales_for_date called with 2020-01-05
2024-11-03 00:24:04,544 - db_helper - INFO - insert_sale called with date: 2020-01-05, SALES: 4321.0, STATUS: In Process, PRODUCTLINE: Motorcycles
2024-11-03 00:24:04,627 - db_helper - INFO - insert_sale called with date: 2020-01-05, SALES: 1112.0, STATUS: On Hold, PRODUCTLINE: Classic Cars
2024-11-03 00:24:04,702 - db_helper - INFO - insert_sale called with date: 2020-01-05, SALES: 575.0, STATUS: Disputed, PRODUCTLINE: Planes
2024-11-03 00:25:03,298 - db_helper - INFO - fetch_sales_for_date called with 2020-01-05
2024-11-03 00:25:23,902 - db_helper - INFO - fetch_sales_for_date called with 2018-08-05
2024-11-03 00:25:26,889 - db_helper - INFO - fetch_sales_for_date called with 2018-01-05
2024-11-03 00:25:29,674 - db_helper - INFO - fetch_sales_for_date called with 2020-01-05
2024-11-03 00:25:31,688 - db_helper - INFO - fetch_sales_for_date called with 2020-01-05
2024-11-03 00:26:11,048 - db_helper - INFO - fetch_sales_for_date called with 2020-01-05
2024-11-03 00:26:11,189 - db_helper - INFO - delete_sales_for_date called with 2020-01-05
2024-11-03 00:26:11,303 - db_helper - INFO - insert_sale called with date: 2020-01-05, SALES: 1125.0, STATUS: Shipped, PRODUCTLINE: Motorcycles
2024-11-03 00:26:11,398 - db_helper - INFO - insert_sale called with date: 2020-01-05, SALES: 2374.4, STATUS: In Process, PRODUCTLINE: Classic Cars
2024-11-03 00:27:48,133 - db_helper - INFO - fetch_sales_for_date called with 2020-01-05
2024-11-03 00:34:50,815 - db_helper - INFO - fetch_sales_for_date called with 2020-01-05
2024-11-03 10:05:02,475 - db_helper - INFO - fetch_sales_for_date called with 2020-01-05
2024-11-03 10:31:48,548 - db_helper - INFO - fetch_sales_for_date called with 2020-01-05
2024-11-03 10:52:41,427 - db_helper - INFO - fetch_sales_for_date called with 2020-01-05
2024-11-03 12:08:51,761 - db_helper - INFO - delete_sales_for_date called with 2020-01-05
2024-11-03 12:08:51,888 - db_helper - INFO - insert_sale called with date: 2020-01-05, SALES: 3333.2, STATUS: Shipped, PRODUCTLINE: Classic Cars
2024-11-03 12:08:51,994 - db_helper - INFO - insert_sale called with date: 2020-01-05, SALES: 3445.2, STATUS: Shipped, PRODUCTLINE: Motorcycles
2024-11-03 12:10:28,130 - db_helper - INFO - fetch_sales_for_date called with 2020-01-05
2024-11-03 12:10:30,189 - db_helper - INFO - fetch_sales_for_date called with 2020-01-05
2024-11-03 12:13:20,786 - db_helper - INFO - fetch_sales_for_date called with 2020-01-05
2024-11-03 12:13:23,964 - db_helper - INFO - fetch_sales_for_date called with 2020-01-05
2024-11-03 12:13:24,100 - db_helper - INFO - delete_sales_for_date called with 2020-01-05
2024-11-03 12:13:24,204 - db_helper - INFO - insert_sale called with date: 2020-01-05, SALES: 1125.0, STATUS: Shipped, PRODUCTLINE: Motorcycles
2024-11-03 12:13:24,288 - db_helper - INFO - insert_sale called with date: 2020-01-05, SALES: 2374.4, STATUS: In Process, PRODUCTLINE: Classic Cars
2024-11-03 14:19:43,396 - db_helper - INFO - fetch_sales_for_date called with 2020-01-05
2024-11-03 20:49:12,388 - db_helper - INFO - fetch_sales_for_date called with 2020-01-20
2024-11-03 20:49:57,124 - db_helper - INFO - fetch_sales_for_date called with 2020-01-20
2024-11-03 20:51:31,015 - db_helper - INFO - fetch_sales_for_date called with 2020-01-20
2024-11-03 20:52:46,265 - db_helper - INFO - fetch_sales_for_date called with 2020-01-20
2024-11-03 20:56:35,013 - db_helper - INFO - fetch_sale_for_date called with 2020-01-20
2024-11-03 20:57:23,357 - db_helper - INFO - fetch_sale_for_date called with 2020-01-20
2024-11-03 20:58:59,382 - db_helper - INFO - fetch_sale_for_date called with 2020-01-20
2024-11-03 20:59:23,707 - db_helper - INFO - fetch_sale_for_date called with 2020-01-05
2024-11-03 21:01:44,511 - db_helper - INFO - fetch_sale_for_date called with 2020-01-05
2024-11-03 21:02:50,891 - db_helper - INFO - fetch_sale_for_date called with 2020-01-20
2024-11-03 21:04:26,179 - db_helper - INFO - fetch_sale_for_date called with 2020-01-05
2024-11-03 21:06:54,350 - db_helper - INFO - fetch_sale_for_date called with 2020-01-20
2024-11-03 21:09:21,033 - db_helper - INFO - fetch_sale_for_date called with 2020-01-20
2024-11-03 21:13:47,851 - db_helper - INFO - delete_sales_for_date called with 2020-01-20
2024-11-03 21:25:04,081 - db_helper - INFO - delete_sales_for_date called with 2020-01-20
2024-11-03 21:25:04,187 - db_helper - INFO - insert_sale called with date: 2020-01-20,ORDERNUMBER: 11000,PRODUCTLINE: Classic Cars,DEALSIZE : Medium,
        STATUS: Shipped,COUNTRY :USA, QUANTITYORDERED:44.0, PRICEEACH:111.11,SALES: 4444.44 
2024-11-03 21:25:04,280 - db_helper - INFO - insert_sale called with date: 2020-01-20,ORDERNUMBER: 10080,PRODUCTLINE: Classic Cars,DEALSIZE : Small,
        STATUS: Shipped,COUNTRY :Australia, QUANTITYORDERED:55.0, PRICEEACH:66.63,SALES: 2297.05 
2024-11-03 21:30:42,611 - db_helper - INFO - fetch_sale_for_date called with 2020-01-20
2024-11-03 21:30:42,696 - db_helper - INFO - fetch_sales_summary called with start: 2020-01-05 end: 2020-02-10
2024-11-03 21:31:31,164 - db_helper - INFO - fetch_sale_for_date called with 2020-01-20
2024-11-03 21:31:31,249 - db_helper - INFO - fetch_sales_summary called with start: 2020-01-05 end: 2020-02-10
2024-11-03 21:31:52,914 - db_helper - INFO - fetch_sales_summary called with start: 2020-01-05 end: 2020-02-10
2024-11-03 21:57:14,857 - db_helper - INFO - fetch_sale_for_date called with 2020-01-05
2024-11-03 21:58:15,365 - db_helper - INFO - fetch_sale_for_date called with 2020-01-07
2024-11-03 21:58:25,610 - db_helper - INFO - fetch_sale_for_date called with 2018-01-05
2024-11-03 22:02:11,635 - db_helper - INFO - fetch_sale_for_date called with 2018-01-05
2024-11-03 22:11:43,830 - db_helper - INFO - fetch_sale_for_date called with 2018-01-05
2024-11-03 22:11:46,966 - db_helper - INFO - fetch_sale_for_date called with 2018-01-05
2024-11-03 22:18:19,213 - db_helper - INFO - fetch_sale_for_date called with 2018-01-05
2024-11-03 22:18:30,555 - db_helper - INFO - fetch_sale_for_date called with 2018-01-05
2024-11-03 22:21:49,900 - db_helper - INFO - fetch_sale_for_date called with 2018-08-02
2024-11-03 22:21:57,274 - db_helper - INFO - fetch_sale_for_date called with 2018-08-02
2024-11-03 22:21:57,495 - db_helper - INFO - delete_sales_for_date called with 2018-08-02
2024-11-03 22:23:01,583 - db_helper - INFO - fetch_sale_for_date called with 2018-08-02
2024-11-03 22:23:09,517 - db_helper - INFO - fetch_sale_for_date called with 2018-08-05
2024-11-03 22:23:19,766 - db_helper - INFO - fetch_sale_for_date called with 2018-01-05
2024-11-03 22:23:51,070 - db_helper - INFO - fetch_sale_for_date called with 2018-01-05
2024-11-03 22:30:54,661 - db_helper - INFO - fetch_sale_for_date called with 2018-01-05
2024-11-03 22:31:48,651 - db_helper - INFO - fetch_sale_for_date called with 2018-01-05
2024-11-03 22:37:32,123 - db_helper - INFO - fetch_sale_for_date called with 2018-01-05
2024-11-03 22:37:34,277 - db_helper - INFO - fetch_sale_for_date called with 2018-01-05
2024-11-03 22:42:11,445 - db_helper - INFO - fetch_sale_for_date called with 2018-01-05
2024-11-03 22:42:30,027 - db_helper - INFO - fetch_sale_for_date called with 2018-01-05
2024-11-03 22:43:58,859 - db_helper - INFO - fetch_sale_for_date called with 2018-01-05
2024-11-03 22:44:01,373 - db_helper - INFO - fetch_sale_for_date called with 2018-01-05
2024-11-03 22:44:04,895 - db_helper - INFO - fetch_sale_for_date called with 2018-01-05
2024-11-03 22:44:57,894 - db_helper - INFO - fetch_sale_for_date called with 2020-01-20
2024-11-03 22:46:34,469 - db_helper - INFO - fetch_sale_for_date called with 2018-01-05
2024-11-03 22:46:42,639 - db_helper - INFO - fetch_sale_for_date called with 2018-01-05
2024-11-03 22:46:55,926 - db_helper - INFO - fetch_sale_for_date called with 2020-01-05
2024-11-03 22:47:07,279 - db_helper - INFO - fetch_sale_for_date called with 2018-01-05
2024-11-03 22:47:29,956 - db_helper - INFO - fetch_sale_for_date called with 2018-01-02
2024-11-03 22:47:39,910 - db_helper - INFO - fetch_sale_for_date called with 2018-08-02
2024-11-03 22:47:41,921 - db_helper - INFO - fetch_sale_for_date called with 2018-08-02
2024-11-03 22:50:04,561 - db_helper - INFO - fetch_sale_for_date called with 2018-08-02
2024-11-03 22:50:06,727 - db_helper - INFO - fetch_sale_for_date called with 2018-08-02
2024-11-03 22:52:03,815 - db_helper - INFO - fetch_sale_for_date called with 2018-08-02
2024-11-03 22:52:06,697 - db_helper - INFO - fetch_sale_for_date called with 2018-08-02
2024-11-03 22:52:06,921 - db_helper - INFO - delete_sales_for_date called with 2018-08-02
2024-11-03 22:52:07,037 - db_helper - INFO - insert_sale called with date: 2018-08-02,ORDERNUMBER: 11111,PRODUCTLINE: Motorcycles,DEALSIZE : Medium,
        STATUS: Disputed,COUNTRY :USA, QUANTITYORDERED:5.0, PRICEEACH:10.0,SALES: 50.0 
2024-11-03 22:52:18,481 - db_helper - INFO - fetch_sale_for_date called with 2018-01-05
2024-11-03 22:52:30,126 - db_helper - INFO - fetch_sale_for_date called with 2018-08-02
2024-11-03 22:53:32,008 - db_helper - INFO - fetch_sale_for_date called with 2018-08-02
2024-11-03 22:54:35,920 - db_helper - INFO - fetch_sale_for_date called with 2018-08-02
2024-11-03 22:55:05,041 - db_helper - INFO - fetch_sale_for_date called with 2018-08-02
2024-11-03 22:57:21,177 - db_helper - INFO - fetch_sale_for_date called with 2018-08-02
2024-11-03 22:57:37,229 - db_helper - INFO - fetch_sale_for_date called with 2018-08-02
2024-11-03 22:57:58,052 - db_helper - INFO - fetch_sale_for_date called with 2018-08-02
2024-11-03 22:59:08,868 - db_helper - INFO - fetch_sale_for_date called with 2018-08-02
2024-11-03 22:59:33,736 - db_helper - INFO - fetch_sale_for_date called with 2018-08-02
2024-11-03 22:59:37,720 - db_helper - INFO - fetch_sale_for_date called with 2018-08-02
2024-11-03 23:00:09,494 - db_helper - INFO - fetch_sale_for_date called with 2018-08-02
2024-11-03 23:01:39,699 - db_helper - INFO - fetch_sale_for_date called with 2018-08-02
2024-11-03 23:02:38,841 - db_helper - INFO - fetch_sale_for_date called with 2018-08-02
2024-11-03 23:04:07,311 - db_helper - INFO - fetch_sale_for_date called with 2018-08-02
2024-11-03 23:05:08,224 - db_helper - INFO - fetch_sale_for_date called with 2018-08-02
2024-11-03 23:09:03,988 - db_helper - INFO - fetch_sale_for_date called with 2018-08-02
2024-11-03 23:09:41,041 - db_helper - INFO - fetch_sale_for_date called with 2018-01-05
2024-11-03 23:10:06,153 - db_helper - INFO - fetch_sale_for_date called with 2018-01-05
2024-11-03 23:11:26,469 - db_helper - INFO - fetch_sale_for_date called with 2018-01-05
2024-11-03 23:11:28,976 - db_helper - INFO - fetch_sale_for_date called with 2018-01-05
2024-11-03 23:11:29,193 - db_helper - INFO - delete_sales_for_date called with 2018-01-05
2024-11-03 23:11:29,293 - db_helper - INFO - insert_sale called with date: 2018-01-05,ORDERNUMBER: 11122,PRODUCTLINE: Classic Cars,DEALSIZE : Medium,
        STATUS: Disputed,COUNTRY : USA, QUANTITYORDERED:50.0, PRICEEACH:50.0,SALES: 2500.0 
2024-11-03 23:11:43,903 - db_helper - INFO - fetch_sale_for_date called with 2018-01-05
2024-11-03 23:12:17,159 - db_helper - INFO - fetch_sale_for_date called with 2018-01-05
2024-11-03 23:15:54,861 - db_helper - INFO - fetch_sale_for_date called with 2018-01-05
2024-11-03 23:20:52,675 - db_helper - INFO - fetch_sale_for_date called with 2018-01-05
2024-11-03 23:21:46,563 - db_helper - INFO - fetch_sale_for_date called with 2018-01-05
2024-11-03 23:22:32,075 - db_helper - INFO - fetch_sale_for_date called with 2018-01-05
2024-11-03 23:23:19,472 - db_helper - INFO - fetch_sale_for_date called with 2018-01-05
2024-11-03 23:23:27,482 - db_helper - INFO - fetch_sale_for_date called with 2018-01-05
2024-11-03 23:24:11,077 - db_helper - INFO - fetch_sale_for_date called with 2018-01-05
2024-11-03 23:24:13,393 - db_helper - INFO - fetch_sale_for_date called with 2018-01-05
2024-11-03 23:24:13,602 - db_helper - INFO - delete_sales_for_date called with 2018-01-05
2024-11-03 23:24:13,706 - db_helper - INFO - insert_sale called with date: 2018-01-05,ORDERNUMBER: 11122,PRODUCTLINE: Classic Cars,DEALSIZE : Medium,
        STATUS: Disputed,COUNTRY : USA, QUANTITYORDERED:50.0, PRICEEACH:50.0,SALES: 3500.0 
2024-11-03 23:25:42,344 - db_helper - INFO - fetch_sale_for_date called with 2018-01-05
2024-11-03 23:25:48,814 - db_helper - INFO - fetch_sale_for_date called with 2018-01-05
2024-11-03 23:25:49,031 - db_helper - INFO - delete_sales_for_date called with 2018-01-05
2024-11-03 23:25:49,138 - db_helper - INFO - insert_sale called with date: 2018-01-05,ORDERNUMBER: 11122,PRODUCTLINE: Classic Cars,DEALSIZE : Medium,
        STATUS: Disputed,COUNTRY : USA, QUANTITYORDERED:50.0, PRICEEACH:50.0,SALES: 2500.0 
2024-11-03 23:26:33,696 - db_helper - INFO - fetch_sale_for_date called with 2018-01-05
2024-11-03 23:26:40,197 - db_helper - INFO - fetch_sale_for_date called with 2018-01-05
2024-11-03 23:26:40,405 - db_helper - INFO - delete_sales_for_date called with 2018-01-05
2024-11-03 23:26:40,511 - db_helper - INFO - insert_sale called with date: 2018-01-05,ORDERNUMBER: 11122,PRODUCTLINE: Classic Cars,DEALSIZE : Medium,
        STATUS: Disputed,COUNTRY : USA, QUANTITYORDERED:50.0, PRICEEACH:50.0,SALES: 3500.0 
2024-11-03 23:27:20,257 - db_helper - INFO - fetch_sale_for_date called with 2018-01-05
2024-11-03 23:27:33,101 - db_helper - INFO - fetch_sale_for_date called with 2018-01-05
2024-11-03 23:27:33,352 - db_helper - INFO - delete_sales_for_date called with 2018-01-05
2024-11-03 23:27:33,447 - db_helper - INFO - insert_sale called with date: 2018-01-05,ORDERNUMBER: 11122,PRODUCTLINE: Classic Cars,DEALSIZE : Medium,
        STATUS: Disputed,COUNTRY : USA, QUANTITYORDERED:50.0, PRICEEACH:50.0,SALES: 2500.0 
2024-11-03 23:29:56,909 - db_helper - INFO - fetch_sale_for_date called with 2018-01-04
2024-11-03 23:30:04,854 - db_helper - INFO - fetch_sale_for_date called with 2018-01-06
2024-11-03 23:30:08,522 - db_helper - INFO - fetch_sale_for_date called with 2018-01-08
2024-11-03 23:30:12,940 - db_helper - INFO - fetch_sale_for_date called with 2018-01-09
2024-11-03 23:33:41,045 - db_helper - INFO - fetch_sale_for_date called with 2018-01-09
2024-11-03 23:34:17,353 - db_helper - INFO - fetch_sale_for_date called with 2018-01-09
2024-11-03 23:35:00,538 - db_helper - INFO - fetch_sale_for_date called with 2018-01-09
2024-11-03 23:37:07,125 - db_helper - INFO - fetch_sale_for_date called with 2018-01-09
2024-11-03 23:49:07,676 - db_helper - INFO - fetch_sale_for_date called with 2018-01-09
2024-11-03 23:50:50,081 - db_helper - INFO - fetch_sale_for_date called with 2018-01-09
2024-11-03 23:51:02,959 - db_helper - INFO - fetch_sale_for_date called with 2018-01-02
2024-11-03 23:51:07,254 - db_helper - INFO - fetch_sale_for_date called with 2018-01-04
2024-11-03 23:51:13,375 - db_helper - INFO - fetch_sale_for_date called with 2018-01-18
2024-11-03 23:51:16,237 - db_helper - INFO - fetch_sale_for_date called with 2018-01-17
2024-11-03 23:51:18,601 - db_helper - INFO - fetch_sale_for_date called with 2018-01-15
2024-11-03 23:51:20,869 - db_helper - INFO - fetch_sale_for_date called with 2018-01-20
2024-11-03 23:51:25,389 - db_helper - INFO - fetch_sale_for_date called with 2018-01-31
2024-11-03 23:51:29,586 - db_helper - INFO - fetch_sale_for_date called with 2018-01-30
2024-11-03 23:51:32,895 - db_helper - INFO - fetch_sale_for_date called with 2018-01-28
2024-11-03 23:51:42,183 - db_helper - INFO - fetch_sale_for_date called with 2018-02-01
2024-11-03 23:51:44,618 - db_helper - INFO - fetch_sale_for_date called with 2018-02-14
2024-11-03 23:51:50,542 - db_helper - INFO - fetch_sale_for_date called with 2019-02-01
2024-11-03 23:51:52,817 - db_helper - INFO - fetch_sale_for_date called with 2019-02-15
2024-11-03 23:51:55,089 - db_helper - INFO - fetch_sale_for_date called with 2019-02-19
2024-11-03 23:52:53,819 - db_helper - INFO - fetch_sale_for_date called with 2019-02-19
2024-11-03 23:55:23,225 - db_helper - INFO - fetch_sale_for_date called with 2019-02-19
2024-11-04 00:05:27,055 - db_helper - INFO - fetch_sale_for_date called with 2019-02-19
2024-11-04 00:06:22,870 - db_helper - INFO - fetch_sale_for_date called with 2019-02-19
2024-11-04 00:08:51,177 - db_helper - INFO - fetch_sale_for_date called with 2019-02-19
2024-11-04 00:08:57,520 - db_helper - INFO - fetch_sale_for_date called with 2018-01-05
2024-11-04 00:10:32,332 - db_helper - INFO - fetch_sale_for_date called with 2018-01-05
2024-11-04 00:11:04,331 - db_helper - INFO - fetch_sale_for_date called with 2018-01-05
2024-11-04 00:12:01,731 - db_helper - INFO - fetch_sale_for_date called with 2018-01-05
2024-11-04 00:12:45,406 - db_helper - INFO - fetch_sale_for_date called with 2018-01-05
2024-11-04 00:14:38,186 - db_helper - INFO - fetch_sale_for_date called with 2018-01-05
2024-11-04 00:14:55,613 - db_helper - INFO - fetch_sale_for_date called with 2018-01-09
2024-11-04 00:16:32,511 - db_helper - INFO - fetch_sale_for_date called with 2018-01-09
2024-11-04 00:17:16,134 - db_helper - INFO - fetch_sale_for_date called with 2018-01-09
2024-11-04 00:17:19,519 - db_helper - INFO - fetch_sale_for_date called with 2018-01-07
2024-11-04 00:17:21,968 - db_helper - INFO - fetch_sale_for_date called with 2018-01-13
2024-11-04 00:17:24,600 - db_helper - INFO - fetch_sale_for_date called with 2018-01-31
2024-11-04 00:17:37,676 - db_helper - INFO - fetch_sale_for_date called with 2019-01-01
2024-11-04 00:17:39,610 - db_helper - INFO - fetch_sale_for_date called with 2019-01-09
2024-11-04 00:17:41,407 - db_helper - INFO - fetch_sale_for_date called with 2019-01-18
2024-11-04 00:17:42,882 - db_helper - INFO - fetch_sale_for_date called with 2019-01-12
2024-11-04 00:17:48,443 - db_helper - INFO - fetch_sale_for_date called with 2019-01-13
2024-11-04 00:17:50,195 - db_helper - INFO - fetch_sale_for_date called with 2019-01-14
2024-11-04 00:17:52,094 - db_helper - INFO - fetch_sale_for_date called with 2019-01-24
2024-11-04 00:17:54,350 - db_helper - INFO - fetch_sale_for_date called with 2019-01-31
2024-11-04 00:17:56,461 - db_helper - INFO - fetch_sale_for_date called with 2019-01-29
2024-11-04 00:18:13,900 - db_helper - INFO - fetch_sale_for_date called with 2019-01-04
2024-11-04 00:26:17,128 - db_helper - INFO - fetch_sale_for_date called with 2019-01-04
2024-11-04 00:26:46,879 - db_helper - INFO - fetch_sale_for_date called with 2019-01-04
2024-11-04 00:26:54,259 - db_helper - INFO - fetch_sale_for_date called with 2019-01-15
2024-11-04 00:27:14,598 - db_helper - INFO - fetch_sale_for_date called with 2019-01-05
2024-11-04 00:27:22,362 - db_helper - INFO - fetch_sale_for_date called with 2019-01-02
2024-11-04 00:42:45,896 - db_helper - INFO - fetch_sale_for_date called with 2019-01-02
2024-11-04 10:13:53,923 - db_helper - INFO - fetch_sale_for_date called with 2019-01-03
2024-11-04 10:13:59,767 - db_helper - INFO - fetch_sale_for_date called with 2019-01-04
2024-11-04 10:14:01,779 - db_helper - INFO - fetch_sale_for_date called with 2019-01-05
2024-11-04 10:14:03,937 - db_helper - INFO - fetch_sale_for_date called with 2019-01-06
2024-11-04 10:14:05,972 - db_helper - INFO - fetch_sale_for_date called with 2019-01-23
2024-11-04 10:14:07,899 - db_helper - INFO - fetch_sale_for_date called with 2019-01-16
2024-11-04 10:14:18,337 - db_helper - INFO - fetch_sale_for_date called with 2019-01-31
2024-11-04 10:14:21,093 - db_helper - INFO - fetch_sale_for_date called with 2019-01-30
2024-11-04 10:21:09,658 - db_helper - INFO - fetch_sales_summary called with start: 2020-01-05 end: 2020-02-10
2024-11-04 10:21:36,014 - db_helper - INFO - fetch_sales_summary called with start: 2020-01-05 end: 2020-02-10
2024-11-04 10:52:41,871 - db_helper - INFO - fetch_sales_summary called with start: 2024-08-01 end: 2024-08-05
2024-11-04 10:52:47,379 - db_helper - INFO - fetch_sales_summary called with start: 2024-08-01 end: 2024-08-05
2024-11-04 10:53:04,562 - db_helper - INFO - fetch_sales_summary called with start: 2018-08-01 end: 2020-08-05
2024-11-04 10:53:18,309 - db_helper - INFO - fetch_sales_summary called with start: 2018-08-01 end: 2020-08-05
2024-11-04 10:54:10,947 - db_helper - INFO - fetch_sales_summary called with start: 2018-08-01 end: 2020-08-05
2024-11-04 10:56:04,311 - db_helper - INFO - fetch_sales_summary called with start: 2018-08-01 end: 2020-08-05
2024-11-04 10:56:22,257 - db_helper - INFO - fetch_sales_summary called with start: 2018-08-01 end: 2020-08-05
2024-11-04 10:57:30,135 - db_helper - INFO - fetch_sales_summary called with start: 2018-08-01 end: 2020-08-05
2024-11-04 10:59:12,468 - db_helper - INFO - fetch_sales_summary called with start: 2018-08-01 end: 2020-08-05
2024-11-04 11:01:51,566 - db_helper - INFO - fetch_sales_summary called with start: 2018-08-01 end: 2020-08-05
2024-11-04 11:03:12,602 - db_helper - INFO - fetch_sales_summary called with start: 2018-08-01 end: 2020-08-05
2024-11-04 11:03:36,307 - db_helper - INFO - fetch_sales_summary called with start: 2018-08-01 end: 2020-08-05
2024-11-04 11:04:14,551 - db_helper - INFO - fetch_sales_summary called with start: 2018-08-01 end: 2020-08-05
2024-11-04 11:04:37,485 - db_helper - INFO - fetch_sales_summary called with start: 2018-08-01 end: 2020-08-05
2024-11-04 11:06:25,046 - db_helper - INFO - fetch_sales_summary called with start: 2018-08-01 end: 2020-08-05
2024-11-04 11:07:09,661 - db_helper - INFO - fetch_sales_summary called with start: 2018-08-01 end: 2020-08-05
2024-11-04 11:15:38,283 - db_helper - INFO - fetch_sale_for_date called with 2019-01-30
2024-11-04 11:15:42,294 - db_helper - INFO - fetch_sale_for_date called with 2019-01-30
2024-11-04 11:15:42,459 - db_helper - INFO - fetch_sales_summary called with start: 2024-08-01 end: 2024-08-05
2024-11-04 11:16:08,857 - db_helper - INFO - fetch_sale_for_date called with 2019-01-30
2024-11-04 11:16:09,010 - db_helper - INFO - fetch_sales_summary called with start: 2024-08-01 end: 2024-08-05
2024-11-04 11:16:57,274 - db_helper - INFO - fetch_sale_for_date called with 2019-01-30
2024-11-04 11:17:23,088 - db_helper - INFO - fetch_sale_for_date called with 2019-01-30
2024-11-04 11:17:24,941 - db_helper - INFO - fetch_sale_for_date called with 2019-01-30
2024-11-04 11:17:25,125 - db_helper - INFO - fetch_sales_summary called with start: 2018-01-05 end: 2020-08-05
2024-11-04 11:20:23,002 - db_helper - INFO - fetch_sale_for_date called with 2019-01-30
2024-11-04 11:20:25,247 - db_helper - INFO - fetch_sale_for_date called with 2019-01-30
2024-11-04 11:20:25,418 - db_helper - INFO - fetch_sales_summary called with start: 2018-01-05 end: 2020-08-05
2024-11-04 11:27:40,592 - db_helper - INFO - fetch_sales_summary called with start: 2018-08-01 end: 2020-08-05
2024-11-04 11:28:09,472 - db_helper - INFO - fetch_sales_summary called with start: 2018-08-01 end: 2020-08-05
2024-11-04 11:29:11,467 - db_helper - INFO - fetch_sales_summary called with start: 2018-08-01 end: 2020-08-05
2024-11-04 11:29:46,748 - db_helper - INFO - fetch_sales_summary called with start: 2018-08-01 end: 2020-08-05
2024-11-04 11:30:33,842 - db_helper - INFO - fetch_sales_summary called with start: 2018-08-01 end: 2020-08-05
2024-11-04 11:33:29,707 - db_helper - INFO - fetch_sale_for_date called with 2019-01-30
2024-11-04 11:33:29,911 - db_helper - INFO - fetch_sales_summary called with start: 2018-01-05 end: 2020-01-05
2024-11-04 11:34:34,004 - db_helper - INFO - fetch_sale_for_date called with 2019-01-30
2024-11-04 11:34:34,214 - db_helper - INFO - fetch_sales_summary called with start: 2018-01-05 end: 2020-01-05
2024-11-04 11:35:04,152 - db_helper - INFO - fetch_sale_for_date called with 2019-01-30
2024-11-04 11:35:04,339 - db_helper - INFO - fetch_sales_summary called with start: 2018-01-05 end: 2020-01-05
2024-11-04 11:35:59,962 - db_helper - INFO - fetch_sale_for_date called with 2019-01-30
2024-11-04 11:36:00,181 - db_helper - INFO - fetch_sales_summary called with start: 2018-01-05 end: 2020-01-05
2024-11-04 11:36:38,710 - db_helper - INFO - fetch_sale_for_date called with 2019-01-30
2024-11-04 11:36:38,894 - db_helper - INFO - fetch_sales_summary called with start: 2018-01-05 end: 2020-01-05
2024-11-04 11:38:24,721 - db_helper - INFO - fetch_sale_for_date called with 2019-01-30
2024-11-04 11:38:24,925 - db_helper - INFO - fetch_sales_summary called with start: 2018-01-05 end: 2020-01-05
2024-11-04 11:40:27,011 - db_helper - INFO - fetch_sale_for_date called with 2019-01-30
2024-11-04 11:40:27,189 - db_helper - INFO - fetch_sales_summary called with start: 2018-01-05 end: 2020-01-05
2024-11-04 11:45:52,118 - db_helper - INFO - fetch_sale_for_date called with 2019-01-30
2024-11-04 11:45:52,280 - db_helper - INFO - fetch_sales_summary called with start: 2018-01-05 end: 2020-01-05
2024-11-04 11:46:31,987 - db_helper - INFO - fetch_sale_for_date called with 2019-01-30
2024-11-04 11:46:32,153 - db_helper - INFO - fetch_sales_summary called with start: 2018-01-05 end: 2020-01-05
2024-11-04 11:49:27,916 - db_helper - INFO - fetch_sale_for_date called with 2019-01-30
2024-11-04 11:49:28,108 - db_helper - INFO - fetch_sales_summary called with start: 2018-01-05 end: 2020-01-05
2024-11-04 11:50:01,367 - db_helper - INFO - fetch_sale_for_date called with 2019-01-30
2024-11-04 11:50:01,527 - db_helper - INFO - fetch_sales_summary called with start: 2018-01-05 end: 2020-01-05
2024-11-04 11:51:27,301 - db_helper - INFO - fetch_sale_for_date called with 2019-01-30
2024-11-04 11:51:27,539 - db_helper - INFO - fetch_sales_summary called with start: 2018-01-05 end: 2020-01-05
2024-11-04 11:52:07,582 - db_helper - INFO - fetch_sale_for_date called with 2019-01-30
2024-11-04 11:52:07,792 - db_helper - INFO - fetch_sales_summary called with start: 2018-01-05 end: 2020-01-05
2024-11-04 11:53:46,810 - db_helper - INFO - fetch_sale_for_date called with 2019-01-30
2024-11-04 11:53:47,015 - db_helper - INFO - fetch_sales_summary called with start: 2018-01-05 end: 2020-01-05
2024-11-04 11:56:04,535 - db_helper - INFO - fetch_sale_for_date called with 2019-01-30
2024-11-04 11:56:04,743 - db_helper - INFO - fetch_sales_summary called with start: 2018-01-05 end: 2020-01-05
2024-11-04 11:56:56,501 - db_helper - INFO - fetch_sale_for_date called with 2019-01-30
2024-11-04 11:56:56,657 - db_helper - INFO - fetch_sales_summary called with start: 2018-01-05 end: 2020-01-05
2024-11-04 12:09:01,872 - db_helper - INFO - fetch_sale_for_date called with 2019-01-30
2024-11-04 12:09:02,181 - db_helper - INFO - fetch_sales_summary called with start: 2018-01-05 end: 2020-01-05
2024-11-04 13:25:10,013 - db_helper - INFO - fetch_sale_for_date called with 2019-01-30
2024-11-04 13:25:10,175 - db_helper - INFO - fetch_sales_summary called with start: 2018-01-05 end: 2020-01-05
2024-11-04 14:28:29,223 - db_helper - INFO - fetch_sales_summary called with start: 2018-08-02 end: 2020-08-02
2024-11-04 14:28:29,355 - db_helper - INFO - fetch_sale_summary_by_country called with start: 2024-08-01 end: 2024-09-30
2024-11-04 14:29:03,482 - db_helper - INFO - fetch_sale_summary_by_country called with start: 2024-08-01 end: 2024-09-30
2024-11-04 14:29:31,607 - db_helper - INFO - fetch_sale_summary_by_country called with start: 2018-01-05 end: 2020-01-05
2024-11-04 14:34:09,429 - db_helper - INFO - fetch_sales_summary called with start: 2018-08-01 end: 2020-08-05
2024-11-04 14:35:35,357 - db_helper - INFO - fetch_sales_summary called with start: 2018-08-01 end: 2020-08-05
2024-11-04 14:38:52,609 - db_helper - INFO - fetch_sale_summary_by_country called with start: 2018-01-05 end: 2020-01-05
2024-11-04 14:40:49,939 - db_helper - INFO - fetch_sale_summary_by_country called with start: 2018-01-05 end: 2020-01-05
2024-11-04 14:41:40,122 - db_helper - INFO - fetch_sales_summary called with start: 2018-08-01 end: 2020-08-05
2024-11-04 14:42:30,592 - db_helper - INFO - fetch_sales_summary called with start: 2018-08-01 end: 2020-08-05
2024-11-04 14:42:40,689 - db_helper - INFO - fetch_sales_summary called with start: 2018-08-01 end: 2020-08-05
2024-11-04 14:44:04,289 - db_helper - INFO - fetch_sale_summary_by_country called with start: 2018-08-01 end: 2020-08-05
2024-11-04 14:45:32,940 - db_helper - INFO - fetch_sale_summary_by_country called with start: 2018-08-01 end: 2020-08-05
2024-11-04 14:46:59,304 - db_helper - INFO - fetch_sale_summary_by_country called with start: 2018-08-01 end: 2020-08-05
2024-11-04 14:47:10,489 - db_helper - INFO - fetch_sale_summary_by_country called with start: 2018-08-01 end: 2020-08-05
2024-11-04 14:51:35,768 - db_helper - INFO - fetch_sale_for_date called with 2018-01-05
2024-11-04 14:52:32,135 - db_helper - INFO - fetch_sale_for_date called with 2018-01-05
2024-11-04 14:54:03,297 - db_helper - INFO - fetch_sale_for_date called with 2018-01-05
2024-11-04 14:54:03,532 - db_helper - INFO - fetch_sale_summary_by_country called with start: 2018-01-05 end: 2020-01-05
2024-11-04 14:54:06,248 - db_helper - INFO - fetch_sale_for_date called with 2018-01-05
2024-11-04 14:54:06,458 - db_helper - INFO - fetch_sale_summary_by_country called with start: 2018-01-05 end: 2020-01-05
2024-11-04 14:55:28,274 - db_helper - INFO - fetch_sale_for_date called with 2018-01-05
2024-11-04 14:55:28,397 - db_helper - INFO - fetch_sale_summary_by_country called with start: 2018-01-05 end: 2020-01-05
2024-11-04 14:57:04,035 - db_helper - INFO - fetch_sale_for_date called with 2018-01-05
2024-11-04 14:57:04,228 - db_helper - INFO - fetch_sales_summary called with start: 2018-01-05 end: 2020-01-05
2024-11-04 14:57:04,959 - db_helper - INFO - fetch_sale_summary_by_country called with start: 2018-01-05 end: 2020-01-05
2024-11-04 14:57:58,934 - db_helper - INFO - fetch_sale_for_date called with 2018-01-05
2024-11-04 14:57:59,121 - db_helper - INFO - fetch_sales_summary called with start: 2018-01-05 end: 2020-01-05
2024-11-04 14:57:59,295 - db_helper - INFO - fetch_sale_summary_by_country called with start: 2018-01-05 end: 2020-01-05
